<?xml version="1.0" encoding="UTF-8"?>
<testsuite xmlns:xsi="http://www.w3.org/2001/XMLSchema-instance" xsi:noNamespaceSchemaLocation="https://maven.apache.org/surefire/maven-surefire-plugin/xsd/surefire-test-report.xsd" name="org.example.CalcTest" time="0.02" tests="2" errors="0" skipped="0" failures="0">
  <properties>
    <property name="sun.desktop" value="windows"/>
    <property name="awt.toolkit" value="sun.awt.windows.WToolkit"/>
    <property name="file.encoding.pkg" value="sun.io"/>
    <property name="java.specification.version" value="1.8"/>
    <property name="sun.cpu.isalist" value="amd64"/>
    <property name="sun.jnu.encoding" value="GBK"/>
    <property name="java.class.path" value="E:\Course\UDM\159251_SoftwareEngineeringDesignAndConstruction\Tutorial\Tutorial04\tutorial4\target\test-classes;E:\Course\UDM\159251_SoftwareEngineeringDesignAndConstruction\Tutorial\Tutorial04\tutorial4\target\classes;D:\Tools\maven\maven-repository\org\junit\jupiter\junit-jupiter-engine\5.4.0\junit-jupiter-engine-5.4.0.jar;D:\Tools\maven\maven-repository\org\apiguardian\apiguardian-api\1.0.0\apiguardian-api-1.0.0.jar;D:\Tools\maven\maven-repository\org\junit\platform\junit-platform-engine\1.4.0\junit-platform-engine-1.4.0.jar;D:\Tools\maven\maven-repository\org\opentest4j\opentest4j\1.1.1\opentest4j-1.1.1.jar;D:\Tools\maven\maven-repository\org\junit\platform\junit-platform-commons\1.4.0\junit-platform-commons-1.4.0.jar;D:\Tools\maven\maven-repository\org\junit\jupiter\junit-jupiter-api\5.4.0\junit-jupiter-api-5.4.0.jar;D:\Tools\maven\maven-repository\org\junit\jupiter\junit-jupiter\5.9.0\junit-jupiter-5.9.0.jar;D:\Tools\maven\maven-repository\org\junit\jupiter\junit-jupiter-params\5.9.0\junit-jupiter-params-5.9.0.jar;"/>
    <property name="java.vm.vendor" value="Oracle Corporation"/>
    <property name="sun.arch.data.model" value="64"/>
    <property name="user.variant" value=""/>
    <property name="java.vendor.url" value="http://java.oracle.com/"/>
    <property name="user.timezone" value="Asia/Shanghai"/>
    <property name="java.vm.specification.version" value="1.8"/>
    <property name="os.name" value="Windows 10"/>
    <property name="user.country" value="CN"/>
    <property name="sun.java.launcher" value="SUN_STANDARD"/>
    <property name="sun.boot.library.path" value="C:\Program Files\Java\jdk1.8.0_291\jre\bin"/>
    <property name="sun.java.command" value="C:\Users\20597\AppData\Local\Temp\surefire550602780681245722\surefirebooter7286976314767102718.jar C:\Users\20597\AppData\Local\Temp\surefire550602780681245722 2022-08-21T22-31-07_841-jvmRun1 surefire1596639636698230625tmp surefire_08990146475078209080tmp"/>
    <property name="surefire.test.class.path" value="E:\Course\UDM\159251_SoftwareEngineeringDesignAndConstruction\Tutorial\Tutorial04\tutorial4\target\test-classes;E:\Course\UDM\159251_SoftwareEngineeringDesignAndConstruction\Tutorial\Tutorial04\tutorial4\target\classes;D:\Tools\maven\maven-repository\org\junit\jupiter\junit-jupiter-engine\5.4.0\junit-jupiter-engine-5.4.0.jar;D:\Tools\maven\maven-repository\org\apiguardian\apiguardian-api\1.0.0\apiguardian-api-1.0.0.jar;D:\Tools\maven\maven-repository\org\junit\platform\junit-platform-engine\1.4.0\junit-platform-engine-1.4.0.jar;D:\Tools\maven\maven-repository\org\opentest4j\opentest4j\1.1.1\opentest4j-1.1.1.jar;D:\Tools\maven\maven-repository\org\junit\platform\junit-platform-commons\1.4.0\junit-platform-commons-1.4.0.jar;D:\Tools\maven\maven-repository\org\junit\jupiter\junit-jupiter-api\5.4.0\junit-jupiter-api-5.4.0.jar;D:\Tools\maven\maven-repository\org\junit\jupiter\junit-jupiter\5.9.0\junit-jupiter-5.9.0.jar;D:\Tools\maven\maven-repository\org\junit\jupiter\junit-jupiter-params\5.9.0\junit-jupiter-params-5.9.0.jar;"/>
    <property name="sun.cpu.endian" value="little"/>
    <property name="user.home" value="C:\Users\20597"/>
    <property name="user.language" value="zh"/>
    <property name="java.specification.vendor" value="Oracle Corporation"/>
    <property name="java.home" value="C:\Program Files\Java\jdk1.8.0_291\jre"/>
    <property name="basedir" value="E:\Course\UDM\159251_SoftwareEngineeringDesignAndConstruction\Tutorial\Tutorial04\tutorial4"/>
    <property name="file.separator" value="\"/>
    <property name="line.separator" value="&#10;"/>
    <property name="java.vm.specification.vendor" value="Oracle Corporation"/>
    <property name="java.specification.name" value="Java Platform API Specification"/>
    <property name="java.awt.graphicsenv" value="sun.awt.Win32GraphicsEnvironment"/>
    <property name="surefire.real.class.path" value="C:\Users\20597\AppData\Local\Temp\surefire550602780681245722\surefirebooter7286976314767102718.jar"/>
    <property name="sun.boot.class.path" value="C:\Program Files\Java\jdk1.8.0_291\jre\lib\resources.jar;C:\Program Files\Java\jdk1.8.0_291\jre\lib\rt.jar;C:\Program Files\Java\jdk1.8.0_291\jre\lib\sunrsasign.jar;C:\Program Files\Java\jdk1.8.0_291\jre\lib\jsse.jar;C:\Program Files\Java\jdk1.8.0_291\jre\lib\jce.jar;C:\Program Files\Java\jdk1.8.0_291\jre\lib\charsets.jar;C:\Program Files\Java\jdk1.8.0_291\jre\lib\jfr.jar;C:\Program Files\Java\jdk1.8.0_291\jre\classes"/>
    <property name="user.script" value=""/>
    <property name="sun.management.compiler" value="HotSpot 64-Bit Tiered Compilers"/>
    <property name="java.runtime.version" value="1.8.0_291-b10"/>
    <property name="user.name" value="20597"/>
    <property name="path.separator" value=";"/>
    <property name="os.version" value="10.0"/>
    <property name="java.endorsed.dirs" value="C:\Program Files\Java\jdk1.8.0_291\jre\lib\endorsed"/>
    <property name="java.runtime.name" value="Java(TM) SE Runtime Environment"/>
    <property name="file.encoding" value="GBK"/>
    <property name="java.vm.name" value="Java HotSpot(TM) 64-Bit Server VM"/>
    <property name="localRepository" value="D:\Tools\maven\maven-repository"/>
    <property name="java.vendor.url.bug" value="http://bugreport.sun.com/bugreport/"/>
    <property name="java.io.tmpdir" value="C:\Users\20597\AppData\Local\Temp\"/>
    <property name="java.version" value="1.8.0_291"/>
    <property name="user.dir" value="E:\Course\UDM\159251_SoftwareEngineeringDesignAndConstruction\Tutorial\Tutorial04\tutorial4"/>
    <property name="os.arch" value="amd64"/>
    <property name="java.vm.specification.name" value="Java Virtual Machine Specification"/>
    <property name="java.awt.printerjob" value="sun.awt.windows.WPrinterJob"/>
    <property name="sun.os.patch.level" value=""/>
    <property name="java.library.path" value="C:\Program Files\Java\jdk1.8.0_291\jre\bin;C:\WINDOWS\Sun\Java\bin;C:\WINDOWS\system32;C:\WINDOWS;C:\Program Files\NVIDIA GPU Computing Toolkit\CUDA\v11.6\bin;C:\Program Files\NVIDIA GPU Computing Toolkit\CUDA\v11.6\libnvvp;C:\Program Files (x86)\Common Files\Intel\Shared Libraries\redist\intel64\compiler;C:\Program Files (x86)\Common Files\Oracle\Java\javapath;C:\Windows\system32;C:\Windows;C:\Windows\System32\Wbem;C:\Windows\System32\WindowsPowerShell\v1.0\;C:\Windows\System32\OpenSSH\;C:\Program Files\dotnet\;C:\Program Files\Microsoft SQL Server\130\Tools\Binn\;C:\Program Files\Microsoft SQL Server\Client SDK\ODBC\170\Tools\Binn\;C:\Program Files\nodejs\;C:\Program Files\Java\jdk1.8.0_291\bin;C:\Program Files\Java\jdk1.8.0_291\jre\bin;D:\Tools\Libraries\mingw64\bin;C:\Program Files\mingw64\bin;C:\ProgramData\Microsoft\Windows\Start Menu\Programs\Python 3.7;C:\xampp\php;C:\Users\20597\AppData\Local\Android\Sdk\platform-tools;C:\Program Files\Git\cmd;C:\WINDOWS\system32;C:\WINDOWS;C:\WINDOWS\System32\Wbem;C:\WINDOWS\System32\WindowsPowerShell\v1.0\;C:\WINDOWS\System32\OpenSSH\;D:\Tools\Putty\;C:\Program Files (x86)\NVIDIA Corporation\PhysX\Common;D:\Tools\Libraries\SFML-2.5.1\bin;C:\ProgramData\Anaconda3\condabin;C:\ProgramData\Anaconda3;C:\ProgramData\Anaconda3\Scripts;C:\Program Files\NVIDIA Corporation\Nsight Compute 2022.1.0\;C:\Program Files\NVIDIA Corporation\NVIDIA NvDLISR;D:\Tools\maven\apache-maven-3.8.6\bin;C:\Users\20597\AppData\Local\Programs\Python\Python39\Scripts\;C:\Users\20597\AppData\Local\Programs\Python\Python39\;C:\Users\20597\AppData\Local\Microsoft\WindowsApps;C:\Users\20597\.dotnet\tools;C:\Program Files\JetBrains\IntelliJ IDEA 2021.1.1\bin;;C:\Users\20597\AppData\Roaming\npm;C:\Users\20597\AppData\Local\Programs\Microsoft VS Code\bin;C:\Users\20597\.dotnet\tools;."/>
    <property name="java.vm.info" value="mixed mode"/>
    <property name="java.vendor" value="Oracle Corporation"/>
    <property name="java.vm.version" value="25.291-b10"/>
    <property name="java.ext.dirs" value="C:\Program Files\Java\jdk1.8.0_291\jre\lib\ext;C:\WINDOWS\Sun\Java\lib\ext"/>
    <property name="sun.io.unicode.encoding" value="UnicodeLittle"/>
    <property name="java.class.version" value="52.0"/>
  </properties>
  <testcase name="testAddition" classname="org.example.CalcTest" time="0.015"/>
  <testcase name="testSubtraction" classname="org.example.CalcTest" time="0"/>
</testsuite>